🔄 Auto-sync started for: /Users/starlanan/Desktop/MSc in AI for Business/Subjects/Customer Engagement and Artificial Intelligence/Projects/Shopping List
[main 3b242d5] Auto-sync 2026-02-01 21:09:34
 Committer: Nan Aye Chan Myat Mon Htoo <starlanan@Starlas.local>
Your name and email address were configured automatically based
on your username and hostname. Please check that they are accurate.
You can suppress this message by setting them explicitly. Run the
following command and follow the instructions in your editor to edit
your configuration file:

    git config --global --edit

After doing this, you may fix the identity used for this commit with:

    git commit --amend --reset-author

 3 files changed, 398 insertions(+), 169 deletions(-)
 create mode 100755 auto_push.sh
 create mode 100644 nohup.out
error: cannot pull with rebase: You have unstaged changes.
error: please commit or stash them.
To https://github.com/starlanan/ShoppingList.git
   54059ff..3b242d5  main -> main
✅ Synced at Sun  1 Feb 2026 21:09:36 GMT
[main 8b4dd51] Auto-sync 2026-02-01 21:09:36
 Committer: Nan Aye Chan Myat Mon Htoo <starlanan@Starlas.local>
Your name and email address were configured automatically based
on your username and hostname. Please check that they are accurate.
You can suppress this message by setting them explicitly. Run the
following command and follow the instructions in your editor to edit
your configuration file:

    git config --global --edit

After doing this, you may fix the identity used for this commit with:

    git commit --amend --reset-author

 1 file changed, 22 insertions(+)
error: cannot pull with rebase: You have unstaged changes.
error: please commit or stash them.
To https://github.com/starlanan/ShoppingList.git
   3b242d5..8b4dd51  main -> main
✅ Synced at Sun  1 Feb 2026 21:09:37 GMT
[main 69f264a] Auto-sync 2026-02-01 21:09:37
 Committer: Nan Aye Chan Myat Mon Htoo <starlanan@Starlas.local>
Your name and email address were configured automatically based
on your username and hostname. Please check that they are accurate.
You can suppress this message by setting them explicitly. Run the
following command and follow the instructions in your editor to edit
your configuration file:

    git config --global --edit

After doing this, you may fix the identity used for this commit with:

    git commit --amend --reset-author

 1 file changed, 20 insertions(+)
error: cannot pull with rebase: You have unstaged changes.
error: please commit or stash them.
To https://github.com/starlanan/ShoppingList.git
   8b4dd51..69f264a  main -> main
✅ Synced at Sun  1 Feb 2026 21:09:38 GMT
[main e85293b] Auto-sync 2026-02-01 21:09:39
 Committer: Nan Aye Chan Myat Mon Htoo <starlanan@Starlas.local>
Your name and email address were configured automatically based
on your username and hostname. Please check that they are accurate.
You can suppress this message by setting them explicitly. Run the
following command and follow the instructions in your editor to edit
your configuration file:

    git config --global --edit

After doing this, you may fix the identity used for this commit with:

    git commit --amend --reset-author

 1 file changed, 20 insertions(+)
error: cannot pull with rebase: You have unstaged changes.
error: please commit or stash them.
To https://github.com/starlanan/ShoppingList.git
   69f264a..e85293b  main -> main
✅ Synced at Sun  1 Feb 2026 21:09:40 GMT
[main 9d9706f] Auto-sync 2026-02-01 21:09:40
 Committer: Nan Aye Chan Myat Mon Htoo <starlanan@Starlas.local>
Your name and email address were configured automatically based
on your username and hostname. Please check that they are accurate.
You can suppress this message by setting them explicitly. Run the
following command and follow the instructions in your editor to edit
your configuration file:

    git config --global --edit

After doing this, you may fix the identity used for this commit with:

    git commit --amend --reset-author

 1 file changed, 20 insertions(+)
error: cannot pull with rebase: You have unstaged changes.
error: please commit or stash them.
To https://github.com/starlanan/ShoppingList.git
   e85293b..9d9706f  main -> main
✅ Synced at Sun  1 Feb 2026 21:09:41 GMT
[main fb6c14c] Auto-sync 2026-02-01 21:09:41
 Committer: Nan Aye Chan Myat Mon Htoo <starlanan@Starlas.local>
Your name and email address were configured automatically based
on your username and hostname. Please check that they are accurate.
You can suppress this message by setting them explicitly. Run the
following command and follow the instructions in your editor to edit
your configuration file:

    git config --global --edit

After doing this, you may fix the identity used for this commit with:

    git commit --amend --reset-author

 1 file changed, 20 insertions(+)
error: cannot pull with rebase: You have unstaged changes.
error: please commit or stash them.
To https://github.com/starlanan/ShoppingList.git
   9d9706f..fb6c14c  main -> main
✅ Synced at Sun  1 Feb 2026 21:09:42 GMT
[main 873bf43] Auto-sync 2026-02-01 21:09:42
 Committer: Nan Aye Chan Myat Mon Htoo <starlanan@Starlas.local>
Your name and email address were configured automatically based
on your username and hostname. Please check that they are accurate.
You can suppress this message by setting them explicitly. Run the
following command and follow the instructions in your editor to edit
your configuration file:

    git config --global --edit

After doing this, you may fix the identity used for this commit with:

    git commit --amend --reset-author

 1 file changed, 20 insertions(+)
error: cannot pull with rebase: You have unstaged changes.
error: please commit or stash them.
To https://github.com/starlanan/ShoppingList.git
   fb6c14c..873bf43  main -> main
✅ Synced at Sun  1 Feb 2026 21:09:43 GMT
[main 7ee123f] Auto-sync 2026-02-01 21:09:43
 Committer: Nan Aye Chan Myat Mon Htoo <starlanan@Starlas.local>
Your name and email address were configured automatically based
on your username and hostname. Please check that they are accurate.
You can suppress this message by setting them explicitly. Run the
following command and follow the instructions in your editor to edit
your configuration file:

    git config --global --edit

After doing this, you may fix the identity used for this commit with:

    git commit --amend --reset-author

 1 file changed, 20 insertions(+)
error: cannot pull with rebase: You have unstaged changes.
error: please commit or stash them.
To https://github.com/starlanan/ShoppingList.git
   873bf43..7ee123f  main -> main
✅ Synced at Sun  1 Feb 2026 21:09:44 GMT
[main 28cfa47] Auto-sync 2026-02-01 21:09:44
 Committer: Nan Aye Chan Myat Mon Htoo <starlanan@Starlas.local>
Your name and email address were configured automatically based
on your username and hostname. Please check that they are accurate.
You can suppress this message by setting them explicitly. Run the
following command and follow the instructions in your editor to edit
your configuration file:

    git config --global --edit

After doing this, you may fix the identity used for this commit with:

    git commit --amend --reset-author

 1 file changed, 20 insertions(+)
error: cannot pull with rebase: You have unstaged changes.
error: please commit or stash them.
To https://github.com/starlanan/ShoppingList.git
   7ee123f..28cfa47  main -> main
✅ Synced at Sun  1 Feb 2026 21:09:46 GMT
[main bdf7138] Auto-sync 2026-02-01 21:09:46
 Committer: Nan Aye Chan Myat Mon Htoo <starlanan@Starlas.local>
Your name and email address were configured automatically based
on your username and hostname. Please check that they are accurate.
You can suppress this message by setting them explicitly. Run the
following command and follow the instructions in your editor to edit
your configuration file:

    git config --global --edit

After doing this, you may fix the identity used for this commit with:

    git commit --amend --reset-author

 1 file changed, 20 insertions(+)
error: cannot pull with rebase: You have unstaged changes.
error: please commit or stash them.
To https://github.com/starlanan/ShoppingList.git
   28cfa47..bdf7138  main -> main
✅ Synced at Sun  1 Feb 2026 21:09:47 GMT
[main b184a12] Auto-sync 2026-02-01 21:09:47
 Committer: Nan Aye Chan Myat Mon Htoo <starlanan@Starlas.local>
Your name and email address were configured automatically based
on your username and hostname. Please check that they are accurate.
You can suppress this message by setting them explicitly. Run the
following command and follow the instructions in your editor to edit
your configuration file:

    git config --global --edit

After doing this, you may fix the identity used for this commit with:

    git commit --amend --reset-author

 1 file changed, 20 insertions(+)
error: cannot pull with rebase: You have unstaged changes.
error: please commit or stash them.
To https://github.com/starlanan/ShoppingList.git
   bdf7138..b184a12  main -> main
✅ Synced at Sun  1 Feb 2026 21:09:48 GMT
[main 72c3019] Auto-sync 2026-02-01 21:09:48
 Committer: Nan Aye Chan Myat Mon Htoo <starlanan@Starlas.local>
Your name and email address were configured automatically based
on your username and hostname. Please check that they are accurate.
You can suppress this message by setting them explicitly. Run the
following command and follow the instructions in your editor to edit
your configuration file:

    git config --global --edit

After doing this, you may fix the identity used for this commit with:

    git commit --amend --reset-author

 1 file changed, 20 insertions(+)
error: cannot pull with rebase: You have unstaged changes.
error: please commit or stash them.
To https://github.com/starlanan/ShoppingList.git
   b184a12..72c3019  main -> main
✅ Synced at Sun  1 Feb 2026 21:09:49 GMT
[main 119c14d] Auto-sync 2026-02-01 21:09:49
 Committer: Nan Aye Chan Myat Mon Htoo <starlanan@Starlas.local>
Your name and email address were configured automatically based
on your username and hostname. Please check that they are accurate.
You can suppress this message by setting them explicitly. Run the
following command and follow the instructions in your editor to edit
your configuration file:

    git config --global --edit

After doing this, you may fix the identity used for this commit with:

    git commit --amend --reset-author

 1 file changed, 20 insertions(+)
error: cannot pull with rebase: You have unstaged changes.
error: please commit or stash them.
To https://github.com/starlanan/ShoppingList.git
   72c3019..119c14d  main -> main
✅ Synced at Sun  1 Feb 2026 21:09:50 GMT
[main b0a53cd] Auto-sync 2026-02-01 21:09:50
 Committer: Nan Aye Chan Myat Mon Htoo <starlanan@Starlas.local>
Your name and email address were configured automatically based
on your username and hostname. Please check that they are accurate.
You can suppress this message by setting them explicitly. Run the
following command and follow the instructions in your editor to edit
your configuration file:

    git config --global --edit

After doing this, you may fix the identity used for this commit with:

    git commit --amend --reset-author

 1 file changed, 20 insertions(+)
error: cannot pull with rebase: You have unstaged changes.
error: please commit or stash them.
To https://github.com/starlanan/ShoppingList.git
   119c14d..b0a53cd  main -> main
✅ Synced at Sun  1 Feb 2026 21:09:52 GMT
[main 2b35bff] Auto-sync 2026-02-01 21:09:52
 Committer: Nan Aye Chan Myat Mon Htoo <starlanan@Starlas.local>
Your name and email address were configured automatically based
on your username and hostname. Please check that they are accurate.
You can suppress this message by setting them explicitly. Run the
following command and follow the instructions in your editor to edit
your configuration file:

    git config --global --edit

After doing this, you may fix the identity used for this commit with:

    git commit --amend --reset-author

 1 file changed, 20 insertions(+)
error: cannot pull with rebase: You have unstaged changes.
error: please commit or stash them.
To https://github.com/starlanan/ShoppingList.git
   b0a53cd..2b35bff  main -> main
✅ Synced at Sun  1 Feb 2026 21:09:53 GMT
[main 724e1d6] Auto-sync 2026-02-01 21:09:53
 Committer: Nan Aye Chan Myat Mon Htoo <starlanan@Starlas.local>
Your name and email address were configured automatically based
on your username and hostname. Please check that they are accurate.
You can suppress this message by setting them explicitly. Run the
following command and follow the instructions in your editor to edit
your configuration file:

    git config --global --edit

After doing this, you may fix the identity used for this commit with:

    git commit --amend --reset-author

 1 file changed, 20 insertions(+)
error: cannot pull with rebase: You have unstaged changes.
error: please commit or stash them.
To https://github.com/starlanan/ShoppingList.git
   2b35bff..724e1d6  main -> main
✅ Synced at Sun  1 Feb 2026 21:09:54 GMT
[main 8d4f6b4] Auto-sync 2026-02-01 21:09:54
 Committer: Nan Aye Chan Myat Mon Htoo <starlanan@Starlas.local>
Your name and email address were configured automatically based
on your username and hostname. Please check that they are accurate.
You can suppress this message by setting them explicitly. Run the
following command and follow the instructions in your editor to edit
your configuration file:

    git config --global --edit

After doing this, you may fix the identity used for this commit with:

    git commit --amend --reset-author

 1 file changed, 20 insertions(+)
error: cannot pull with rebase: You have unstaged changes.
error: please commit or stash them.
To https://github.com/starlanan/ShoppingList.git
   724e1d6..8d4f6b4  main -> main
✅ Synced at Sun  1 Feb 2026 21:09:56 GMT
[main 6bcdebf] Auto-sync 2026-02-01 21:09:56
 Committer: Nan Aye Chan Myat Mon Htoo <starlanan@Starlas.local>
Your name and email address were configured automatically based
on your username and hostname. Please check that they are accurate.
You can suppress this message by setting them explicitly. Run the
following command and follow the instructions in your editor to edit
your configuration file:

    git config --global --edit

After doing this, you may fix the identity used for this commit with:

    git commit --amend --reset-author

 1 file changed, 20 insertions(+)
error: cannot pull with rebase: You have unstaged changes.
error: please commit or stash them.
To https://github.com/starlanan/ShoppingList.git
   8d4f6b4..6bcdebf  main -> main
✅ Synced at Sun  1 Feb 2026 21:09:57 GMT
[main 3936042] Auto-sync 2026-02-01 21:09:57
 Committer: Nan Aye Chan Myat Mon Htoo <starlanan@Starlas.local>
Your name and email address were configured automatically based
on your username and hostname. Please check that they are accurate.
You can suppress this message by setting them explicitly. Run the
following command and follow the instructions in your editor to edit
your configuration file:

    git config --global --edit

After doing this, you may fix the identity used for this commit with:

    git commit --amend --reset-author

 1 file changed, 20 insertions(+)
error: cannot pull with rebase: You have unstaged changes.
error: please commit or stash them.
To https://github.com/starlanan/ShoppingList.git
   6bcdebf..3936042  main -> main
✅ Synced at Sun  1 Feb 2026 21:09:58 GMT
[main 997e0f6] Auto-sync 2026-02-01 21:09:58
 Committer: Nan Aye Chan Myat Mon Htoo <starlanan@Starlas.local>
Your name and email address were configured automatically based
on your username and hostname. Please check that they are accurate.
You can suppress this message by setting them explicitly. Run the
following command and follow the instructions in your editor to edit
your configuration file:

    git config --global --edit

After doing this, you may fix the identity used for this commit with:

    git commit --amend --reset-author

 1 file changed, 20 insertions(+)
error: cannot pull with rebase: You have unstaged changes.
error: please commit or stash them.
error: RPC failed; curl 6 Recv failure: Operation timed out
send-pack: unexpected disconnect while reading sideband packet
fatal: the remote end hung up unexpectedly
Everything up-to-date
✅ Synced at Mon  2 Feb 2026 02:30:01 GMT
[main d4ee4ef] Auto-sync 2026-02-02 02:30:01
 Committer: Nan Aye Chan Myat Mon Htoo <starlanan@Starlas.local>
Your name and email address were configured automatically based
on your username and hostname. Please check that they are accurate.
You can suppress this message by setting them explicitly. Run the
following command and follow the instructions in your editor to edit
your configuration file:

    git config --global --edit

After doing this, you may fix the identity used for this commit with:

    git commit --amend --reset-author

 1 file changed, 22 insertions(+)
error: cannot pull with rebase: You have unstaged changes.
error: please commit or stash them.
fatal: unable to access 'https://github.com/starlanan/ShoppingList.git/': Could not resolve host: github.com
✅ Synced at Mon  2 Feb 2026 02:30:01 GMT
